Started GET "/" for ::1 at 2020-06-03 17:27:38 +0100
  [1m[35m (1.0ms)[0m  [1m[34mSELECT "schema_migrations"."version" FROM "schema_migrations" ORDER BY "schema_migrations"."version" ASC[0m
Processing by Rails::WelcomeController#index as HTML
  Rendering /Users/fixationvideo/.rvm/gems/ruby-2.5.0/gems/railties-5.1.7/lib/rails/templates/rails/welcome/index.html.erb
  Rendered /Users/fixationvideo/.rvm/gems/ruby-2.5.0/gems/railties-5.1.7/lib/rails/templates/rails/welcome/index.html.erb (10.5ms)
Completed 200 OK in 59ms (Views: 36.6ms | ActiveRecord: 0.0ms)


Started GET "/posts" for ::1 at 2020-06-03 17:27:47 +0100
Processing by PostsController#index as HTML
  Rendering posts/index.html.erb within layouts/application
  [1m[36mPost Load (17.4ms)[0m  [1m[34mSELECT "posts".* FROM "posts"[0m
  Rendered posts/index.html.erb within layouts/application (87.1ms)
[Webpacker] Compiling...
[Webpacker] Compiled all packs in /Users/fixationvideo/Coding/projects/acebook-the-fat-controllers/public/packs
[Webpacker] Hash: 9f38fa9ab78f236fc10f
Version: webpack 4.43.0
Time: 26569ms
Built at: 03/06/2020 17:28:26
                                          Asset      Size            Chunks                         Chunk Names
         js/application-fc9f125e4d428d6ddcbd.js  1.21 MiB       application  [emitted] [immutable]  application
     js/application-fc9f125e4d428d6ddcbd.js.map  1.39 MiB       application  [emitted] [dev]        application
         js/hello_react-2ed289ebb80aa101ac19.js  1.05 MiB       hello_react  [emitted] [immutable]  hello_react
     js/hello_react-2ed289ebb80aa101ac19.js.map  1.21 MiB       hello_react  [emitted] [dev]        hello_react
    js/server_rendering-777b6029162fc3afaa80.js  1.21 MiB  server_rendering  [emitted] [immutable]  server_rendering
js/server_rendering-777b6029162fc3afaa80.js.map  1.39 MiB  server_rendering  [emitted] [dev]        server_rendering
                                  manifest.json  1.05 KiB                    [emitted]              
Entrypoint application = js/application-fc9f125e4d428d6ddcbd.js js/application-fc9f125e4d428d6ddcbd.js.map
Entrypoint hello_react = js/hello_react-2ed289ebb80aa101ac19.js js/hello_react-2ed289ebb80aa101ac19.js.map
Entrypoint server_rendering = js/server_rendering-777b6029162fc3afaa80.js js/server_rendering-777b6029162fc3afaa80.js.map
[./app/javascript/components sync recursive ^\.\/.*$] ./app/javascript/components sync ^\.\/.*$ 266 bytes {application} {server_rendering} [built]
[./app/javascript/packs/application.js] 1.04 KiB {application} [built]
[./app/javascript/packs/hello_react.jsx] 1.09 KiB {hello_react} [built]
[./app/javascript/packs/server_rendering.js] 301 bytes {server_rendering} [built]
    + 29 hidden modules

Completed 200 OK in 39155ms (Views: 39099.5ms | ActiveRecord: 45.9ms)


  [1m[35m (8.1ms)[0m  [1m[34mSELECT pg_try_advisory_lock(1344049087128799065)[0m
  [1m[35m (3.4ms)[0m  [1m[34mSELECT "schema_migrations"."version" FROM "schema_migrations" ORDER BY "schema_migrations"."version" ASC[0m
Migrating to CreateUsers (20200603193528)
  [1m[35m (0.2ms)[0m  [1m[35mBEGIN[0m
  [1m[35m (77.2ms)[0m  [1m[35mCREATE TABLE "users" ("id" bigserial primary key, "email" character varying, "username" character varying, "name" character varying, "password_digest" character varying, "created_at" timestamp NOT NULL, "updated_at" timestamp NOT NULL)[0m
  [1m[35m (1.4ms)[0m  [1m[35mCREATE UNIQUE INDEX  "index_users_on_email" ON "users"  ("email")[0m
  [1m[35m (2.0ms)[0m  [1m[35mCREATE UNIQUE INDEX  "index_users_on_username" ON "users"  ("username")[0m
  [1m[35mSQL (1.6ms)[0m  [1m[32mINSERT INTO "schema_migrations" ("version") VALUES ($1) RETURNING "version"[0m  [["version", "20200603193528"]]
  [1m[35m (1.9ms)[0m  [1m[35mCOMMIT[0m
Migrating to AddUsersToPosts (20200604154916)
  [1m[35m (45.5ms)[0m  [1m[35mBEGIN[0m
  [1m[35m (1.3ms)[0m  [1m[35mALTER TABLE "posts" ADD "users_id" bigint[0m
  [1m[35m (5.1ms)[0m  [1m[35mCREATE  INDEX  "index_posts_on_users_id" ON "posts"  ("users_id")[0m
  [1m[35m (14.0ms)[0m  [1m[35mALTER TABLE "posts" ADD CONSTRAINT "fk_rails_403c3577f5"
FOREIGN KEY ("users_id")
  REFERENCES "users" ("id")
[0m
  [1m[35mSQL (0.7ms)[0m  [1m[32mINSERT INTO "schema_migrations" ("version") VALUES ($1) RETURNING "version"[0m  [["version", "20200604154916"]]
  [1m[35m (0.9ms)[0m  [1m[35mCOMMIT[0m
  [1m[36mActiveRecord::InternalMetadata Load (2.9ms)[0m  [1m[34mSELECT  "ar_internal_metadata".* FROM "ar_internal_metadata" WHERE "ar_internal_metadata"."key" = $1 LIMIT $2[0m  [["key", "environment"], ["LIMIT", 1]]
  [1m[35m (0.1ms)[0m  [1m[35mBEGIN[0m
  [1m[35m (0.2ms)[0m  [1m[35mCOMMIT[0m
  [1m[35m (0.2ms)[0m  [1m[34mSELECT pg_advisory_unlock(1344049087128799065)[0m
  [1m[35m (0.3ms)[0m  [1m[34mSELECT "schema_migrations"."version" FROM "schema_migrations" ORDER BY "schema_migrations"."version" ASC[0m
Started GET "/" for ::1 at 2020-06-05 10:40:32 +0100
  [1m[35m (0.7ms)[0m  [1m[34mSELECT "schema_migrations"."version" FROM "schema_migrations" ORDER BY "schema_migrations"."version" ASC[0m
Processing by HomeController#index as HTML
  Rendering home/index.html.erb within layouts/application
  Rendered home/index.html.erb within layouts/application (6.9ms)
Completed 200 OK in 4420ms (Views: 4415.9ms | ActiveRecord: 0.0ms)


Started GET "/signup" for ::1 at 2020-06-05 10:40:41 +0100
Processing by UsersController#new as HTML
  Rendering users/new.html.erb within layouts/application
  Rendered users/_form.html.erb (24.4ms)
  Rendered users/new.html.erb within layouts/application (29.4ms)
Completed 200 OK in 82ms (Views: 61.6ms | ActiveRecord: 5.0ms)


Started POST "/users" for ::1 at 2020-06-05 10:40:55 +0100
Processing by UsersController#create as HTML
  Parameters: {"utf8"=>"✓", "authenticity_token"=>"AVNfkZ8Z97FSxD2B4kuqLA0khI+IH8jGnu/9GyLlOo3RWUoYs+PJOv/GBIIstaIrTOxdhNkwwxLOOo2Z3nKtPg==", "user"=>{"email"=>"acebook@willswideweb.com", "username"=>"will", "name"=>"Will", "password"=>"[FILTERED]", "password_confirmation"=>"[FILTERED]"}, "commit"=>"Create User"}
  [1m[35m (0.2ms)[0m  [1m[35mBEGIN[0m
  [1m[36mUser Exists (1.3ms)[0m  [1m[34mSELECT  1 AS one FROM "users" WHERE "users"."email" = $1 LIMIT $2[0m  [["email", "acebook@willswideweb.com"], ["LIMIT", 1]]
  [1m[36mUser Exists (0.6ms)[0m  [1m[34mSELECT  1 AS one FROM "users" WHERE "users"."username" = $1 LIMIT $2[0m  [["username", "will"], ["LIMIT", 1]]
  [1m[35mSQL (23.7ms)[0m  [1m[32mINSERT INTO "users" ("email", "username", "name", "password_digest", "created_at", "updated_at") VALUES ($1, $2, $3, $4, $5, $6) RETURNING "id"[0m  [["email", "acebook@willswideweb.com"], ["username", "will"], ["name", "Will"], ["password_digest", "$2a$12$nQzume5qd17s0IbTti2ybO3c7ft7KWEXmObGZw/.mXL8r65wdUGny"], ["created_at", "2020-06-05 09:40:56.308568"], ["updated_at", "2020-06-05 09:40:56.308568"]]
  [1m[35m (5.7ms)[0m  [1m[35mCOMMIT[0m
Redirected to http://localhost:3000/users/1
Completed 302 Found in 379ms (ActiveRecord: 31.4ms)


Started GET "/users/1" for ::1 at 2020-06-05 10:40:56 +0100
Processing by UsersController#show as HTML
  Parameters: {"id"=>"1"}
  [1m[36mUser Load (0.3ms)[0m  [1m[34mSELECT  "users".* FROM "users" WHERE "users"."id" = $1 LIMIT $2[0m  [["id", 1], ["LIMIT", 1]]
  Rendering users/show.html.erb within layouts/application
  Rendered users/show.html.erb within layouts/application (1.8ms)
Completed 200 OK in 59ms (Views: 43.1ms | ActiveRecord: 0.5ms)


Started GET "/login" for ::1 at 2020-06-05 10:41:02 +0100
Processing by SessionsController#new as HTML
  Rendering sessions/new.html.erb within layouts/application
  Rendered sessions/new.html.erb within layouts/application (3.1ms)
Completed 200 OK in 46ms (Views: 41.1ms | ActiveRecord: 0.0ms)


Started POST "/sessions" for ::1 at 2020-06-05 10:41:07 +0100
Processing by SessionsController#create as HTML
  Parameters: {"utf8"=>"✓", "authenticity_token"=>"GtIslzDAxmZBOfjLm9mocGOXI2QRmjX98cruXFGFFG3K2DkeHDr47ew7wchVJ6B3Il/6b0C1PimhH57erRKD3g==", "username"=>"will", "password"=>"[FILTERED]", "commit"=>"Login"}
  [1m[36mUser Load (0.6ms)[0m  [1m[34mSELECT  "users".* FROM "users" WHERE "users"."username" = $1 LIMIT $2[0m  [["username", "will"], ["LIMIT", 1]]
Redirected to http://localhost:3000/
Completed 302 Found in 395ms (ActiveRecord: 0.6ms)


Started GET "/" for ::1 at 2020-06-05 10:41:08 +0100
Processing by HomeController#index as HTML
  Rendering home/index.html.erb within layouts/application
  [1m[36mUser Load (0.3ms)[0m  [1m[34mSELECT  "users".* FROM "users" WHERE "users"."id" = $1 LIMIT $2[0m  [["id", 1], ["LIMIT", 1]]
  Rendered home/index.html.erb within layouts/application (2.3ms)
Completed 200 OK in 47ms (Views: 43.4ms | ActiveRecord: 0.3ms)


Started GET "/posts/new" for ::1 at 2020-06-05 10:41:12 +0100
Processing by PostsController#new as HTML
  Rendering posts/new.html.erb within layouts/application
  [1m[36mUser Load (0.4ms)[0m  [1m[34mSELECT  "users".* FROM "users" WHERE "users"."id" = $1 LIMIT $2[0m  [["id", 1], ["LIMIT", 1]]
  Rendered posts/new.html.erb within layouts/application (5.0ms)
Completed 200 OK in 70ms (Views: 43.7ms | ActiveRecord: 12.6ms)


Started POST "/posts" for ::1 at 2020-06-05 10:41:16 +0100
Processing by PostsController#create as HTML
  Parameters: {"utf8"=>"✓", "authenticity_token"=>"Jb2K3V+4pfNeVgYPs1UoO+Ey3uNyzu+0ynr+weQU8a71t59Uc0KbePNUPwx9qyA8oPoH6CPh5GCar45DGINmHQ==", "post"=>{"users_id"=>"1", "message"=>"Woo!"}, "commit"=>"Submit"}
  [1m[35m (0.2ms)[0m  [1m[35mBEGIN[0m
  [1m[35mSQL (1.3ms)[0m  [1m[32mINSERT INTO "posts" ("message", "created_at", "updated_at", "users_id") VALUES ($1, $2, $3, $4) RETURNING "id"[0m  [["message", "Woo!"], ["created_at", "2020-06-05 09:41:16.209167"], ["updated_at", "2020-06-05 09:41:16.209167"], ["users_id", 1]]
  [1m[35m (10.2ms)[0m  [1m[35mCOMMIT[0m
Redirected to http://localhost:3000/posts
Completed 302 Found in 16ms (ActiveRecord: 11.6ms)


Started GET "/posts" for ::1 at 2020-06-05 10:41:16 +0100
Processing by PostsController#index as HTML
  Rendering posts/index.html.erb within layouts/application
  [1m[36mPost Load (0.4ms)[0m  [1m[34mSELECT "posts".* FROM "posts"[0m
  Rendered posts/index.html.erb within layouts/application (2.9ms)
Completed 200 OK in 31ms (Views: 27.6ms | ActiveRecord: 0.4ms)


  [1m[35m (0.4ms)[0m  [1m[34mSELECT pg_try_advisory_lock(1344049087128799065)[0m
  [1m[35m (1.5ms)[0m  [1m[34mSELECT "schema_migrations"."version" FROM "schema_migrations" ORDER BY "schema_migrations"."version" ASC[0m
  [1m[36mActiveRecord::InternalMetadata Load (1.3ms)[0m  [1m[34mSELECT  "ar_internal_metadata".* FROM "ar_internal_metadata" WHERE "ar_internal_metadata"."key" = $1 LIMIT $2[0m  [["key", "environment"], ["LIMIT", 1]]
  [1m[35m (2.2ms)[0m  [1m[35mBEGIN[0m
  [1m[35m (2.3ms)[0m  [1m[35mCOMMIT[0m
  [1m[35m (1.0ms)[0m  [1m[34mSELECT pg_advisory_unlock(1344049087128799065)[0m
  [1m[35m (0.5ms)[0m  [1m[34mSELECT "schema_migrations"."version" FROM "schema_migrations" ORDER BY "schema_migrations"."version" ASC[0m
Started GET "/" for ::1 at 2020-06-05 11:10:16 +0100
  [1m[35m (1.3ms)[0m  [1m[34mSELECT "schema_migrations"."version" FROM "schema_migrations" ORDER BY "schema_migrations"."version" ASC[0m
Processing by HomepageController#index as HTML
  Rendering homepage/index.html.erb within layouts/homepage
  Rendered homepage/index.html.erb within layouts/homepage (516.3ms)
[Webpacker] Compiling…
[Webpacker] Compiled all packs in /Users/fixationvideo/Coding/projects/acebook-the-fat-controllers/public/packs
Completed 200 OK in 13950ms (Views: 13941.6ms | ActiveRecord: 0.0ms)


Started GET "/posts" for ::1 at 2020-06-05 11:10:32 +0100
Processing by PostsController#index as */*
  [1m[36mPost Load (30.0ms)[0m  [1m[34mSELECT  "posts".* FROM "posts" ORDER BY "posts"."id" DESC LIMIT $1[0m  [["LIMIT", 5]]
Completed 200 OK in 142ms (Views: 4.6ms | ActiveRecord: 59.9ms)


Started GET "/login" for ::1 at 2020-06-05 11:10:48 +0100
Processing by SessionsController#new as HTML
  Rendering sessions/new.html.erb within layouts/application
  Rendered sessions/new.html.erb within layouts/application (23.1ms)
Completed 200 OK in 8655ms (Views: 8641.8ms | ActiveRecord: 0.0ms)


Started GET "/signup" for ::1 at 2020-06-05 11:11:13 +0100
Processing by UsersController#new as HTML
  Rendering users/new.html.erb within layouts/application
  Rendered users/_form.html.erb (94.9ms)
  Rendered users/new.html.erb within layouts/application (107.7ms)
Completed 200 OK in 309ms (Views: 201.8ms | ActiveRecord: 27.1ms)


Started POST "/users" for ::1 at 2020-06-05 11:11:26 +0100
Processing by UsersController#create as HTML
  Parameters: {"utf8"=>"✓", "authenticity_token"=>"brw5CgFFl7ciYRBvMLuejDEN+AX7qXabLfJU32t/QEV6wTFmfViBp6WavOwCWX/gh4spvdbLEbP0UYkzdfMKWg==", "user"=>{"email"=>"acebook@willswideweb.com", "username"=>"will", "name"=>"Will", "password"=>"[FILTERED]", "password_confirmation"=>"[FILTERED]"}, "commit"=>"Create User"}
  [1m[35m (10.9ms)[0m  [1m[35mBEGIN[0m
  [1m[36mUser Exists (5.1ms)[0m  [1m[34mSELECT  1 AS one FROM "users" WHERE "users"."email" = $1 LIMIT $2[0m  [["email", "acebook@willswideweb.com"], ["LIMIT", 1]]
  [1m[36mUser Exists (0.8ms)[0m  [1m[34mSELECT  1 AS one FROM "users" WHERE "users"."username" = $1 LIMIT $2[0m  [["username", "will"], ["LIMIT", 1]]
  [1m[35m (0.6ms)[0m  [1m[31mROLLBACK[0m
  Rendering users/new.html.erb within layouts/application
  Rendered users/_form.html.erb (17.3ms)
  Rendered users/new.html.erb within layouts/application (23.2ms)
Completed 200 OK in 1134ms (Views: 301.8ms | ActiveRecord: 17.4ms)


Started GET "/users" for ::1 at 2020-06-05 11:11:33 +0100
Processing by UsersController#index as HTML
  Rendering users/index.html.erb within layouts/application
  [1m[36mUser Load (1.6ms)[0m  [1m[34mSELECT  "users".* FROM "users" LIMIT $1[0m  [["LIMIT", 11]]
  [1m[36mUser Load (0.4ms)[0m  [1m[34mSELECT "users".* FROM "users"[0m
  Rendered users/index.html.erb within layouts/application (31.5ms)
Completed 200 OK in 126ms (Views: 112.8ms | ActiveRecord: 2.0ms)


Started GET "/login" for ::1 at 2020-06-05 11:11:38 +0100
Processing by SessionsController#new as HTML
  Rendering sessions/new.html.erb within layouts/application
  Rendered sessions/new.html.erb within layouts/application (3.1ms)
Completed 200 OK in 107ms (Views: 101.9ms | ActiveRecord: 0.0ms)


Started POST "/sessions" for ::1 at 2020-06-05 11:11:43 +0100
Processing by SessionsController#create as HTML
  Parameters: {"utf8"=>"✓", "authenticity_token"=>"zzQdssC4VFOx6rmswLaLv2rHyxPYOfdcPMhYURAybqHbSRXevKVCQzYRFS/yVGrT3EEaq/VbkHTla4W9Dr4kvg==", "username"=>"will", "password"=>"[FILTERED]", "commit"=>"Login"}
  [1m[36mUser Load (0.4ms)[0m  [1m[34mSELECT  "users".* FROM "users" WHERE "users"."username" = $1 LIMIT $2[0m  [["username", "will"], ["LIMIT", 1]]
Redirected to http://localhost:3000/
Completed 302 Found in 556ms (ActiveRecord: 0.9ms)


Started GET "/" for ::1 at 2020-06-05 11:11:44 +0100
Processing by HomepageController#index as HTML
  Rendering homepage/index.html.erb within layouts/homepage
  Rendered homepage/index.html.erb within layouts/homepage (3.9ms)
Completed 200 OK in 25ms (Views: 19.6ms | ActiveRecord: 0.0ms)


Started GET "/posts" for ::1 at 2020-06-05 11:11:44 +0100
Processing by PostsController#index as */*
  [1m[36mPost Load (4.1ms)[0m  [1m[34mSELECT  "posts".* FROM "posts" ORDER BY "posts"."id" DESC LIMIT $1[0m  [["LIMIT", 5]]
Completed 200 OK in 14ms (Views: 1.2ms | ActiveRecord: 4.1ms)


Started GET "/posts" for ::1 at 2020-06-05 11:11:53 +0100
Processing by PostsController#index as HTML
  [1m[36mPost Load (10.9ms)[0m  [1m[34mSELECT  "posts".* FROM "posts" ORDER BY "posts"."id" DESC LIMIT $1[0m  [["LIMIT", 5]]
Completed 200 OK in 20ms (Views: 1.3ms | ActiveRecord: 10.9ms)


Started GET "/posts/new" for ::1 at 2020-06-05 11:11:59 +0100
Processing by PostsController#new as HTML
  Rendering posts/new.html.erb within layouts/application
  [1m[36mUser Load (0.4ms)[0m  [1m[34mSELECT  "users".* FROM "users" WHERE "users"."id" = $1 LIMIT $2[0m  [["id", 1], ["LIMIT", 1]]
  Rendered posts/new.html.erb within layouts/application (26.8ms)
Completed 200 OK in 117ms (Views: 111.3ms | ActiveRecord: 1.0ms)


Started POST "/posts" for ::1 at 2020-06-05 11:12:10 +0100
Processing by PostsController#create as HTML
  Parameters: {"utf8"=>"✓", "authenticity_token"=>"GlN+J5e6K5J6r3fZZUTI0Gqs39NwgNZMo9ioGn8KFcEOLnZL66c9gv1U21pXpim83CoOa13isWR6e3X2YYZf3g==", "post"=>{"users_id"=>"1", "message"=>"This is a new message in React?"}, "commit"=>"Submit"}
  [1m[35m (0.2ms)[0m  [1m[35mBEGIN[0m
  [1m[35mSQL (3.6ms)[0m  [1m[32mINSERT INTO "posts" ("message", "created_at", "updated_at", "users_id") VALUES ($1, $2, $3, $4) RETURNING "id"[0m  [["message", "This is a new message in React?"], ["created_at", "2020-06-05 10:12:10.255799"], ["updated_at", "2020-06-05 10:12:10.255799"], ["users_id", 1]]
  [1m[35m (0.8ms)[0m  [1m[35mCOMMIT[0m
Redirected to http://localhost:3000/posts
Completed 302 Found in 11ms (ActiveRecord: 4.6ms)


Started GET "/posts" for ::1 at 2020-06-05 11:12:10 +0100
Processing by PostsController#index as HTML
  [1m[36mPost Load (1.5ms)[0m  [1m[34mSELECT  "posts".* FROM "posts" ORDER BY "posts"."id" DESC LIMIT $1[0m  [["LIMIT", 5]]
Completed 200 OK in 5ms (Views: 1.2ms | ActiveRecord: 1.5ms)


Started GET "/" for ::1 at 2020-06-05 11:12:13 +0100
Processing by HomepageController#index as HTML
  Rendering homepage/index.html.erb within layouts/homepage
  Rendered homepage/index.html.erb within layouts/homepage (1.8ms)
Completed 200 OK in 24ms (Views: 19.9ms | ActiveRecord: 0.0ms)


Started GET "/posts" for ::1 at 2020-06-05 11:12:14 +0100
Processing by PostsController#index as */*
  [1m[36mPost Load (1.6ms)[0m  [1m[34mSELECT  "posts".* FROM "posts" ORDER BY "posts"."id" DESC LIMIT $1[0m  [["LIMIT", 5]]
Completed 200 OK in 6ms (Views: 1.2ms | ActiveRecord: 1.6ms)


Started GET "/posts" for ::1 at 2020-06-05 11:12:52 +0100
Processing by PostsController#index as HTML
  [1m[36mPost Load (3.1ms)[0m  [1m[34mSELECT  "posts".* FROM "posts" ORDER BY "posts"."id" DESC LIMIT $1[0m  [["LIMIT", 5]]
Completed 200 OK in 178ms (Views: 1.5ms | ActiveRecord: 3.1ms)


Started GET "/" for ::1 at 2020-06-05 11:19:29 +0100
  [1m[35m (1.8ms)[0m  [1m[34mSELECT "schema_migrations"."version" FROM "schema_migrations" ORDER BY "schema_migrations"."version" ASC[0m
Processing by HomepageController#index as HTML
  Rendering homepage/index.html.erb within layouts/homepage
  [1m[36mUser Load (1.0ms)[0m  [1m[34mSELECT  "users".* FROM "users" WHERE "users"."id" = $1 LIMIT $2[0m  [["id", 1], ["LIMIT", 1]]
  Rendered homepage/index.html.erb within layouts/homepage (501.5ms)
Completed 200 OK in 534ms (Views: 520.1ms | ActiveRecord: 9.8ms)


Started GET "/posts" for ::1 at 2020-06-05 11:19:31 +0100
Processing by PostsController#index as */*
  [1m[36mPost Load (2.5ms)[0m  [1m[34mSELECT  "posts".* FROM "posts" ORDER BY "posts"."id" DESC LIMIT $1[0m  [["LIMIT", 5]]
Completed 200 OK in 87ms (Views: 1.6ms | ActiveRecord: 48.9ms)


Started GET "/" for ::1 at 2020-06-05 11:19:59 +0100
Processing by HomepageController#index as HTML
  Rendering homepage/index.html.erb within layouts/homepage
  [1m[36mUser Load (1.0ms)[0m  [1m[34mSELECT  "users".* FROM "users" WHERE "users"."id" = $1 LIMIT $2[0m  [["id", 1], ["LIMIT", 1]]
  Rendered homepage/index.html.erb within layouts/homepage (7.3ms)
Completed 200 OK in 32ms (Views: 25.2ms | ActiveRecord: 1.3ms)


Started GET "/posts" for ::1 at 2020-06-05 11:19:59 +0100
Processing by PostsController#index as */*
  [1m[36mPost Load (1.9ms)[0m  [1m[34mSELECT  "posts".* FROM "posts" ORDER BY "posts"."id" DESC LIMIT $1[0m  [["LIMIT", 5]]
Completed 200 OK in 10ms (Views: 1.3ms | ActiveRecord: 1.9ms)


Started GET "/" for ::1 at 2020-06-05 11:21:35 +0100
Processing by HomepageController#index as HTML
  Rendering homepage/index.html.erb within layouts/homepage
  [1m[36mUser Load (0.6ms)[0m  [1m[34mSELECT  "users".* FROM "users" WHERE "users"."id" = $1 LIMIT $2[0m  [["id", 1], ["LIMIT", 1]]
  Rendered homepage/index.html.erb within layouts/homepage (7.6ms)
Completed 200 OK in 34ms (Views: 29.3ms | ActiveRecord: 0.6ms)


Started GET "/posts" for ::1 at 2020-06-05 11:21:36 +0100
Processing by PostsController#index as */*
  [1m[36mPost Load (0.6ms)[0m  [1m[34mSELECT  "posts".* FROM "posts" ORDER BY "posts"."id" DESC LIMIT $1[0m  [["LIMIT", 5]]
Completed 200 OK in 7ms (Views: 2.0ms | ActiveRecord: 0.6ms)


Started GET "/logout" for ::1 at 2020-06-05 11:21:40 +0100
Processing by SessionsController#destroy as HTML
Redirected to http://localhost:3000/
Completed 302 Found in 2ms (ActiveRecord: 0.0ms)


Started GET "/" for ::1 at 2020-06-05 11:21:40 +0100
Processing by HomepageController#index as HTML
  Rendering homepage/index.html.erb within layouts/homepage
  Rendered homepage/index.html.erb within layouts/homepage (13.5ms)
Completed 200 OK in 52ms (Views: 47.1ms | ActiveRecord: 0.0ms)


Started GET "/posts" for ::1 at 2020-06-05 11:21:40 +0100
Processing by PostsController#index as */*
  [1m[36mPost Load (43.6ms)[0m  [1m[34mSELECT  "posts".* FROM "posts" ORDER BY "posts"."id" DESC LIMIT $1[0m  [["LIMIT", 5]]
Completed 200 OK in 99ms (Views: 2.2ms | ActiveRecord: 43.6ms)


Started GET "/" for ::1 at 2020-06-05 11:21:43 +0100
Processing by HomepageController#index as HTML
  Rendering homepage/index.html.erb within layouts/homepage
  Rendered homepage/index.html.erb within layouts/homepage (4.4ms)
Completed 200 OK in 31ms (Views: 27.4ms | ActiveRecord: 0.0ms)


Started GET "/posts" for ::1 at 2020-06-05 11:21:43 +0100
Processing by PostsController#index as */*
  [1m[36mPost Load (5.5ms)[0m  [1m[34mSELECT  "posts".* FROM "posts" ORDER BY "posts"."id" DESC LIMIT $1[0m  [["LIMIT", 5]]
Completed 200 OK in 10ms (Views: 1.9ms | ActiveRecord: 5.5ms)


Started GET "/" for ::1 at 2020-06-05 11:24:12 +0100
Processing by HomepageController#index as HTML
  Rendering homepage/index.html.erb within layouts/homepage
  Rendered homepage/index.html.erb within layouts/homepage (25.4ms)
Completed 200 OK in 99ms (Views: 83.5ms | ActiveRecord: 0.0ms)


Started GET "/" for ::1 at 2020-06-05 11:25:26 +0100
Processing by HomeController#index as HTML
  Rendering home/index.html.erb within layouts/application
  Rendered home/index.html.erb within layouts/application (3.7ms)
Completed 200 OK in 5752ms (Views: 5745.4ms | ActiveRecord: 0.0ms)


Started GET "/" for ::1 at 2020-06-05 11:25:49 +0100
Processing by HomeController#index as HTML
  Rendering home/index.html.erb within layouts/application
  Rendered home/index.html.erb within layouts/application (1.5ms)
Completed 200 OK in 102ms (Views: 97.1ms | ActiveRecord: 0.0ms)


Started GET "/" for ::1 at 2020-06-05 11:26:02 +0100
Processing by HomepageController#index as HTML
  Rendering homepage/index.html.erb within layouts/homepage
  Rendered homepage/index.html.erb within layouts/homepage (2.3ms)
Completed 200 OK in 22ms (Views: 17.9ms | ActiveRecord: 0.0ms)


Started GET "/" for ::1 at 2020-06-05 11:29:59 +0100
  [1m[35m (0.8ms)[0m  [1m[34mSELECT "schema_migrations"."version" FROM "schema_migrations" ORDER BY "schema_migrations"."version" ASC[0m
Processing by HomepageController#index as HTML
  Rendering homepage/index.html.erb within layouts/homepage
  Rendered homepage/index.html.erb within layouts/homepage (527.7ms)
Completed 200 OK in 556ms (Views: 551.2ms | ActiveRecord: 0.0ms)


Started GET "/" for ::1 at 2020-06-05 11:30:47 +0100
  [1m[35m (1.4ms)[0m  [1m[34mSELECT "schema_migrations"."version" FROM "schema_migrations" ORDER BY "schema_migrations"."version" ASC[0m
Processing by HomepageController#index as HTML
  Rendering homepage/index.html.erb within layouts/homepage
  Rendered homepage/index.html.erb within layouts/homepage (412.2ms)
Completed 200 OK in 436ms (Views: 432.1ms | ActiveRecord: 0.0ms)


Started GET "/posts" for ::1 at 2020-06-05 11:30:48 +0100
Processing by PostsController#index as */*
  [1m[36mPost Load (17.9ms)[0m  [1m[34mSELECT  "posts".* FROM "posts" ORDER BY "posts"."id" DESC LIMIT $1[0m  [["LIMIT", 5]]
Completed 200 OK in 97ms (Views: 2.0ms | ActiveRecord: 73.5ms)


Started GET "/login" for ::1 at 2020-06-05 11:32:10 +0100
Processing by SessionsController#new as HTML
  Rendering sessions/new.html.erb within layouts/application
  Rendered sessions/new.html.erb within layouts/application (2.7ms)
Completed 200 OK in 5801ms (Views: 5796.7ms | ActiveRecord: 0.0ms)


Started GET "/" for ::1 at 2020-06-05 11:47:01 +0100
  [1m[35m (1.0ms)[0m  [1m[34mSELECT "schema_migrations"."version" FROM "schema_migrations" ORDER BY "schema_migrations"."version" ASC[0m
Processing by HomepageController#index as HTML
  Rendering homepage/index.html.erb within layouts/homepage
  Rendered homepage/index.html.erb within layouts/homepage (163.6ms)
Completed 200 OK in 177ms (Views: 175.4ms | ActiveRecord: 0.0ms)


Started GET "/posts" for ::1 at 2020-06-05 11:47:01 +0100
Processing by PostsController#index as */*
  [1m[36mPost Load (1.1ms)[0m  [1m[34mSELECT  "posts".* FROM "posts" ORDER BY "posts"."id" DESC LIMIT $1[0m  [["LIMIT", 5]]
Completed 200 OK in 20ms (Views: 0.8ms | ActiveRecord: 7.5ms)


Started GET "/" for ::1 at 2020-06-05 11:48:06 +0100
  [1m[35m (1.1ms)[0m  [1m[34mSELECT "schema_migrations"."version" FROM "schema_migrations" ORDER BY "schema_migrations"."version" ASC[0m
Processing by HomepageController#index as HTML
  Rendering homepage/index.html.erb within layouts/homepage
  Rendered homepage/index.html.erb within layouts/homepage (286.5ms)
Completed 200 OK in 312ms (Views: 308.4ms | ActiveRecord: 0.0ms)


Started GET "/posts" for ::1 at 2020-06-05 11:48:07 +0100
Processing by PostsController#index as */*
  [1m[36mPost Load (1.2ms)[0m  [1m[34mSELECT  "posts".* FROM "posts" ORDER BY "posts"."id" DESC LIMIT $1[0m  [["LIMIT", 5]]
Completed 200 OK in 49ms (Views: 2.4ms | ActiveRecord: 24.7ms)


Started GET "/login" for ::1 at 2020-06-05 11:48:09 +0100
Processing by SessionsController#new as HTML
  Rendering sessions/new.html.erb within layouts/application
  Rendered sessions/new.html.erb within layouts/application (2.3ms)
Completed 200 OK in 3572ms (Views: 3568.1ms | ActiveRecord: 0.0ms)


Started POST "/sessions" for ::1 at 2020-06-05 11:48:19 +0100
Processing by SessionsController#create as HTML
  Parameters: {"utf8"=>"✓", "authenticity_token"=>"NMaP33nFPvXsUeRRPRBXRHcegxV+N10cfbVIb9lADqBiExi+yj1Oubpwc5VyS1BMhca0ISjgS1KiACSQGA3lWw==", "username"=>"will", "password"=>"[FILTERED]", "commit"=>"Login"}
  [1m[36mUser Load (0.5ms)[0m  [1m[34mSELECT  "users".* FROM "users" WHERE "users"."username" = $1 LIMIT $2[0m  [["username", "will"], ["LIMIT", 1]]
Redirected to http://localhost:3000/
Completed 302 Found in 346ms (ActiveRecord: 4.5ms)


Started GET "/" for ::1 at 2020-06-05 11:48:20 +0100
Processing by HomepageController#index as HTML
  Rendering homepage/index.html.erb within layouts/homepage
  [1m[36mUser Load (0.3ms)[0m  [1m[34mSELECT  "users".* FROM "users" WHERE "users"."id" = $1 LIMIT $2[0m  [["id", 1], ["LIMIT", 1]]
  Rendered homepage/index.html.erb within layouts/homepage (4.0ms)
Completed 200 OK in 20ms (Views: 17.7ms | ActiveRecord: 0.3ms)


Started GET "/posts" for ::1 at 2020-06-05 11:48:20 +0100
Processing by PostsController#index as */*
  [1m[36mPost Load (0.4ms)[0m  [1m[34mSELECT  "posts".* FROM "posts" ORDER BY "posts"."id" DESC LIMIT $1[0m  [["LIMIT", 5]]
Completed 200 OK in 3ms (Views: 1.2ms | ActiveRecord: 0.4ms)


Started GET "/posts/new" for ::1 at 2020-06-05 11:48:24 +0100
Processing by PostsController#new as HTML
  Rendering posts/new.html.erb within layouts/application
  [1m[36mUser Load (0.4ms)[0m  [1m[34mSELECT  "users".* FROM "users" WHERE "users"."id" = $1 LIMIT $2[0m  [["id", 1], ["LIMIT", 1]]
  Rendered posts/new.html.erb within layouts/application (18.0ms)
Completed 200 OK in 56ms (Views: 51.9ms | ActiveRecord: 0.4ms)


Started POST "/posts" for ::1 at 2020-06-05 11:48:31 +0100
Processing by PostsController#create as HTML
  Parameters: {"utf8"=>"✓", "authenticity_token"=>"lrAiHEdDsgPtjgYO08AYt8HTnEqWohn+AYWkAw79wnbAZbV99LvCT7uvkcqcmx+/MwurfsB1D7DeMMj8z7ApjQ==", "post"=>{"users_id"=>"1", "message"=>"It still works?"}, "commit"=>"Submit"}
  [1m[35m (0.2ms)[0m  [1m[35mBEGIN[0m
  [1m[35mSQL (6.8ms)[0m  [1m[32mINSERT INTO "posts" ("message", "created_at", "updated_at", "users_id") VALUES ($1, $2, $3, $4) RETURNING "id"[0m  [["message", "It still works?"], ["created_at", "2020-06-05 10:48:31.476794"], ["updated_at", "2020-06-05 10:48:31.476794"], ["users_id", 1]]
  [1m[35m (11.5ms)[0m  [1m[35mCOMMIT[0m
Redirected to http://localhost:3000/posts
Completed 302 Found in 23ms (ActiveRecord: 18.4ms)


Started GET "/posts" for ::1 at 2020-06-05 11:48:31 +0100
Processing by PostsController#index as HTML
  [1m[36mPost Load (0.6ms)[0m  [1m[34mSELECT  "posts".* FROM "posts" ORDER BY "posts"."id" DESC LIMIT $1[0m  [["LIMIT", 5]]
Completed 200 OK in 3ms (Views: 1.0ms | ActiveRecord: 0.6ms)


Started GET "/" for ::1 at 2020-06-05 11:48:35 +0100
Processing by HomepageController#index as HTML
  Rendering homepage/index.html.erb within layouts/homepage
  [1m[36mUser Load (0.3ms)[0m  [1m[34mSELECT  "users".* FROM "users" WHERE "users"."id" = $1 LIMIT $2[0m  [["id", 1], ["LIMIT", 1]]
  Rendered homepage/index.html.erb within layouts/homepage (2.8ms)
Completed 200 OK in 17ms (Views: 14.3ms | ActiveRecord: 0.3ms)


Started GET "/posts" for ::1 at 2020-06-05 11:48:36 +0100
Processing by PostsController#index as */*
  [1m[36mPost Load (0.4ms)[0m  [1m[34mSELECT  "posts".* FROM "posts" ORDER BY "posts"."id" DESC LIMIT $1[0m  [["LIMIT", 5]]
Completed 200 OK in 4ms (Views: 1.7ms | ActiveRecord: 0.4ms)


